#
# There is insufficient memory for the Java Runtime Environment to continue.
# Native memory allocation (malloc) failed to allocate 594256 bytes for Chunk::new
# Possible reasons:
#   The system is out of physical RAM or swap space
#   In 32 bit mode, the process size limit was hit
# Possible solutions:
#   Reduce memory load on the system
#   Increase physical memory or swap space
#   Check if swap backing store is full
#   Use 64 bit Java on a 64 bit OS
#   Decrease Java heap size (-Xmx/-Xms)
#   Decrease number of Java threads
#   Decrease Java thread stack sizes (-Xss)
#   Set larger code cache with -XX:ReservedCodeCacheSize=
# This output file may be truncated or incomplete.
#
#  Out of Memory Error (allocation.cpp:390), pid=12364, tid=0x0000000000004188
#
# JRE version: Java(TM) SE Runtime Environment (8.0_121-b13) (build 1.8.0_121-b13)
# Java VM: Java HotSpot(TM) 64-Bit Server VM (25.121-b13 mixed mode windows-amd64 compressed oops)
# Failed to write core dump. Minidumps are not enabled by default on client versions of Windows
#

---------------  T H R E A D  ---------------

Current thread (0x0000000054d6b000):  JavaThread "C2 CompilerThread1" daemon [_thread_in_native, id=16776, stack(0x0000000056840000,0x0000000056940000)]

Stack: [0x0000000056840000,0x0000000056940000]
[error occurred during error reporting (printing stack bounds), id 0xc0000005]

Native frames: (J=compiled Java code, j=interpreted, Vv=VM code, C=native code)


Current CompileTask:
C2:  13277 2027       4       com.android.dx.ssa.SsaConverter::edgeSplitSuccessors (98 bytes)


---------------  P R O C E S S  ---------------

Java Threads: ( => current thread )
  0x0000000056459800 JavaThread "pool-1-thread-4" [_thread_blocked, id=17716, stack(0x0000000057660000,0x0000000057760000)]
  0x0000000056456800 JavaThread "pool-1-thread-3" [_thread_blocked, id=9736, stack(0x0000000057510000,0x0000000057610000)]
  0x0000000056452000 JavaThread "pool-1-thread-2" [_thread_blocked, id=11248, stack(0x0000000057350000,0x0000000057450000)]
  0x000000005644f800 JavaThread "pool-2-thread-1" [_thread_blocked, id=13764, stack(0x0000000057170000,0x0000000057270000)]
  0x000000005644f000 JavaThread "pool-1-thread-1" [_thread_blocked, id=16212, stack(0x0000000056ff0000,0x00000000570f0000)]
  0x0000000054d6f000 JavaThread "Service Thread" daemon [_thread_blocked, id=18860, stack(0x0000000056c10000,0x0000000056d10000)]
  0x0000000054d6c000 JavaThread "C1 CompilerThread2" daemon [_thread_blocked, id=9720, stack(0x0000000056970000,0x0000000056a70000)]
=>0x0000000054d6b000 JavaThread "C2 CompilerThread1" daemon [_thread_in_native, id=16776, stack(0x0000000056840000,0x0000000056940000)]
  0x0000000056190000 JavaThread "C2 CompilerThread0" daemon [_thread_in_native, id=11128, stack(0x0000000056740000,0x0000000056840000)]
  0x000000005617c800 JavaThread "Attach Listener" daemon [_thread_blocked, id=11760, stack(0x0000000055dc0000,0x0000000055ec0000)]
  0x0000000054d5d000 JavaThread "Signal Dispatcher" daemon [_thread_blocked, id=11408, stack(0x0000000056620000,0x0000000056720000)]
  0x0000000054d4a800 JavaThread "Finalizer" daemon [_thread_blocked, id=16104, stack(0x0000000056070000,0x0000000056170000)]
  0x0000000054d03000 JavaThread "Reference Handler" daemon [_thread_blocked, id=9660, stack(0x0000000055f40000,0x0000000056040000)]
  0x0000000002058000 JavaThread "main" [_thread_blocked, id=18476, stack(0x0000000002480000,0x0000000002580000)]

Other Threads:
  0x0000000054cfb000 VMThread [stack: 0x0000000055c50000,0x0000000055d50000] [id=7396]
  0x0000000056245800 WatcherThread [stack: 0x0000000056e20000,0x0000000056f20000] [id=12936]

VM state:not at safepoint (normal execution)

VM Mutex/Monitor currently owned by a thread: None

Heap:
 PSYoungGen      total 64000K, used 46047K [0x00000000eab00000, 0x00000000f3b00000, 0x0000000100000000)
  eden space 61440K, 70% used [0x00000000eab00000,0x00000000ed57af78,0x00000000ee700000)
  from space 2560K, 99% used [0x00000000ee700000,0x00000000ee97ce50,0x00000000ee980000)
  to   space 12288K, 0% used [0x00000000f2f00000,0x00000000f2f00000,0x00000000f3b00000)
 ParOldGen       total 40960K, used 22453K [0x00000000c0000000, 0x00000000c2800000, 0x00000000eab00000)
  object space 40960K, 54% used [0x00000000c0000000,0x00000000c15ed630,0x00000000c2800000)
 Metaspace       used 6507K, capacity 7192K, committed 7424K, reserved 1056768K
  class space    used 643K, capacity 656K, committed 768K, reserved 1048576K

Card table byte_map: [0x0000000011940000,0x0000000011b50000] byte_map_base: 0x0000000011340000

Marking Bits: (ParMarkBitMap*) 0x00000000705db6d0
 Begin Bits: [0x0000000012170000, 0x0000000013170000)
 End Bits:   [0x0000000013170000, 0x0000000014170000)

Polling page: 0x00000000001e0000

CodeCache: size=245760Kb used=8679Kb max_used=8697Kb free=237080Kb
 bounds [0x0000000002580000, 0x0000000002e10000, 0x0000000011580000]
 total_blobs=2197 nmethods=1925 adapters=184
 compilation: enabled

Compilation events (10 events):
Event: 13.065 Thread 0x0000000056190000 nmethod 2028 0x0000000002dae5d0 code [0x0000000002dae720, 0x0000000002dae898]
Event: 13.067 Thread 0x0000000056190000 2030       4       com.android.dx.cf.code.Ropper::getRopMethod (64 bytes)
Event: 13.080 Thread 0x0000000054d6c000 2031       3       com.android.dx.rop.code.RegisterSpec::make (21 bytes)
Event: 13.080 Thread 0x0000000054d6c000 nmethod 2031 0x0000000002ddd610 code [0x0000000002ddd780, 0x0000000002ddd9d8]
Event: 13.080 Thread 0x0000000054d6c000 2032       3       com.android.dx.rop.code.Rops::opMarkLocal (69 bytes)
Event: 13.081 Thread 0x0000000054d6c000 nmethod 2032 0x0000000002deded0 code [0x0000000002dee100, 0x0000000002deecb8]
Event: 13.118 Thread 0x0000000056190000 nmethod 2030 0x0000000002dfca90 code [0x0000000002dfcc60, 0x0000000002dfd888]
Event: 13.118 Thread 0x0000000056190000 2033       4       com.android.dx.util.FixedSizeList::shrinkToFit (103 bytes)
Event: 13.127 Thread 0x0000000056190000 nmethod 2033 0x0000000002ded7d0 code [0x0000000002ded920, 0x0000000002dedcf8]
Event: 13.146 Thread 0x0000000056190000 2034 %     4       com.android.dx.cf.code.BasicBlocker::getBlockList @ 21 (208 bytes)

GC Heap History (10 events):
Event: 2.110 GC heap before
{Heap before GC invocations=1 (full 0):
 PSYoungGen      total 17920K, used 15360K [0x00000000eab00000, 0x00000000ebf00000, 0x0000000100000000)
  eden space 15360K, 100% used [0x00000000eab00000,0x00000000eba00000,0x00000000eba00000)
  from space 2560K, 0% used [0x00000000ebc80000,0x00000000ebc80000,0x00000000ebf00000)
  to   space 2560K, 0% used [0x00000000eba00000,0x00000000eba00000,0x00000000ebc80000)
 ParOldGen       total 40960K, used 0K [0x00000000c0000000, 0x00000000c2800000, 0x00000000eab00000)
  object space 40960K, 0% used [0x00000000c0000000,0x00000000c0000000,0x00000000c2800000)
 Metaspace       used 5908K, capacity 6744K, committed 6912K, reserved 1056768K
  class space    used 621K, capacity 656K, committed 768K, reserved 1048576K
Event: 2.350 GC heap after
Heap after GC invocations=1 (full 0):
 PSYoungGen      total 17920K, used 2559K [0x00000000eab00000, 0x00000000ece00000, 0x0000000100000000)
  eden space 15360K, 0% used [0x00000000eab00000,0x00000000eab00000,0x00000000eba00000)
  from space 2560K, 99% used [0x00000000eba00000,0x00000000ebc7fc80,0x00000000ebc80000)
  to   space 2560K, 0% used [0x00000000ecb80000,0x00000000ecb80000,0x00000000ece00000)
 ParOldGen       total 40960K, used 1850K [0x00000000c0000000, 0x00000000c2800000, 0x00000000eab00000)
  object space 40960K, 4% used [0x00000000c0000000,0x00000000c01ce938,0x00000000c2800000)
 Metaspace       used 5908K, capacity 6744K, committed 6912K, reserved 1056768K
  class space    used 621K, capacity 656K, committed 768K, reserved 1048576K
}
Event: 2.972 GC heap before
{Heap before GC invocations=2 (full 0):
 PSYoungGen      total 17920K, used 17919K [0x00000000eab00000, 0x00000000ece00000, 0x0000000100000000)
  eden space 15360K, 100% used [0x00000000eab00000,0x00000000eba00000,0x00000000eba00000)
  from space 2560K, 99% used [0x00000000eba00000,0x00000000ebc7fc80,0x00000000ebc80000)
  to   space 2560K, 0% used [0x00000000ecb80000,0x00000000ecb80000,0x00000000ece00000)
 ParOldGen       total 40960K, used 1850K [0x00000000c0000000, 0x00000000c2800000, 0x00000000eab00000)
  object space 40960K, 4% used [0x00000000c0000000,0x00000000c01ce938,0x00000000c2800000)
 Metaspace       used 6111K, capacity 6936K, committed 7168K, reserved 1056768K
  class space    used 622K, capacity 656K, committed 768K, reserved 1048576K
Event: 2.988 GC heap after
Heap after GC invocations=2 (full 0):
 PSYoungGen      total 33280K, used 2550K [0x00000000eab00000, 0x00000000ece00000, 0x0000000100000000)
  eden space 30720K, 0% used [0x00000000eab00000,0x00000000eab00000,0x00000000ec900000)
  from space 2560K, 99% used [0x00000000ecb80000,0x00000000ecdfda58,0x00000000ece00000)
  to   space 2560K, 0% used [0x00000000ec900000,0x00000000ec900000,0x00000000ecb80000)
 ParOldGen       total 40960K, used 4204K [0x00000000c0000000, 0x00000000c2800000, 0x00000000eab00000)
  object space 40960K, 10% used [0x00000000c0000000,0x00000000c041b390,0x00000000c2800000)
 Metaspace       used 6111K, capacity 6936K, committed 7168K, reserved 1056768K
  class space    used 622K, capacity 656K, committed 768K, reserved 1048576K
}
Event: 3.327 GC heap before
{Heap before GC invocations=3 (full 0):
 PSYoungGen      total 33280K, used 33270K [0x00000000eab00000, 0x00000000ece00000, 0x0000000100000000)
  eden space 30720K, 100% used [0x00000000eab00000,0x00000000ec900000,0x00000000ec900000)
  from space 2560K, 99% used [0x00000000ecb80000,0x00000000ecdfda58,0x00000000ece00000)
  to   space 2560K, 0% used [0x00000000ec900000,0x00000000ec900000,0x00000000ecb80000)
 ParOldGen       total 40960K, used 4204K [0x00000000c0000000, 0x00000000c2800000, 0x00000000eab00000)
  object space 40960K, 10% used [0x00000000c0000000,0x00000000c041b390,0x00000000c2800000)
 Metaspace       used 6332K, capacity 7064K, committed 7424K, reserved 1056768K
  class space    used 641K, capacity 656K, committed 768K, reserved 1048576K
Event: 3.366 GC heap after
Heap after GC invocations=3 (full 0):
 PSYoungGen      total 33280K, used 2547K [0x00000000eab00000, 0x00000000eec00000, 0x0000000100000000)
  eden space 30720K, 0% used [0x00000000eab00000,0x00000000eab00000,0x00000000ec900000)
  from space 2560K, 99% used [0x00000000ec900000,0x00000000ecb7ccb8,0x00000000ecb80000)
  to   space 2560K, 0% used [0x00000000ee980000,0x00000000ee980000,0x00000000eec00000)
 ParOldGen       total 40960K, used 8051K [0x00000000c0000000, 0x00000000c2800000, 0x00000000eab00000)
  object space 40960K, 19% used [0x00000000c0000000,0x00000000c07dcc68,0x00000000c2800000)
 Metaspace       used 6332K, capacity 7064K, committed 7424K, reserved 1056768K
  class space    used 641K, capacity 656K, committed 768K, reserved 1048576K
}
Event: 5.434 GC heap before
{Heap before GC invocations=4 (full 0):
 PSYoungGen      total 33280K, used 33267K [0x00000000eab00000, 0x00000000eec00000, 0x0000000100000000)
  eden space 30720K, 100% used [0x00000000eab00000,0x00000000ec900000,0x00000000ec900000)
  from space 2560K, 99% used [0x00000000ec900000,0x00000000ecb7ccb8,0x00000000ecb80000)
  to   space 2560K, 0% used [0x00000000ee980000,0x00000000ee980000,0x00000000eec00000)
 ParOldGen       total 40960K, used 8051K [0x00000000c0000000, 0x00000000c2800000, 0x00000000eab00000)
  object space 40960K, 19% used [0x00000000c0000000,0x00000000c07dcc68,0x00000000c2800000)
 Metaspace       used 6405K, capacity 7128K, committed 7424K, reserved 1056768K
  class space    used 642K, capacity 656K, committed 768K, reserved 1048576K
Event: 5.598 GC heap after
Heap after GC invocations=4 (full 0):
 PSYoungGen      total 64000K, used 2542K [0x00000000eab00000, 0x00000000eec00000, 0x0000000100000000)
  eden space 61440K, 0% used [0x00000000eab00000,0x00000000eab00000,0x00000000ee700000)
  from space 2560K, 99% used [0x00000000ee980000,0x00000000eebfb8e8,0x00000000eec00000)
  to   space 2560K, 0% used [0x00000000ee700000,0x00000000ee700000,0x00000000ee980000)
 ParOldGen       total 40960K, used 13142K [0x00000000c0000000, 0x00000000c2800000, 0x00000000eab00000)
  object space 40960K, 32% used [0x00000000c0000000,0x00000000c0cd5a98,0x00000000c2800000)
 Metaspace       used 6405K, capacity 7128K, committed 7424K, reserved 1056768K
  class space    used 642K, capacity 656K, committed 768K, reserved 1048576K
}
Event: 10.600 GC heap before
{Heap before GC invocations=5 (full 0):
 PSYoungGen      total 64000K, used 63982K [0x00000000eab00000, 0x00000000eec00000, 0x0000000100000000)
  eden space 61440K, 100% used [0x00000000eab00000,0x00000000ee700000,0x00000000ee700000)
  from space 2560K, 99% used [0x00000000ee980000,0x00000000eebfb8e8,0x00000000eec00000)
  to   space 2560K, 0% used [0x00000000ee700000,0x00000000ee700000,0x00000000ee980000)
 ParOldGen       total 40960K, used 13142K [0x00000000c0000000, 0x00000000c2800000, 0x00000000eab00000)
  object space 40960K, 32% used [0x00000000c0000000,0x00000000c0cd5a98,0x00000000c2800000)
 Metaspace       used 6497K, capacity 7192K, committed 7424K, reserved 1056768K
  class space    used 643K, capacity 656K, committed 768K, reserved 1048576K
Event: 10.692 GC heap after
Heap after GC invocations=5 (full 0):
 PSYoungGen      total 64000K, used 2547K [0x00000000eab00000, 0x00000000f3b00000, 0x0000000100000000)
  eden space 61440K, 0% used [0x00000000eab00000,0x00000000eab00000,0x00000000ee700000)
  from space 2560K, 99% used [0x00000000ee700000,0x00000000ee97ce50,0x00000000ee980000)
  to   space 12288K, 0% used [0x00000000f2f00000,0x00000000f2f00000,0x00000000f3b00000)
 ParOldGen       total 40960K, used 22453K [0x00000000c0000000, 0x00000000c2800000, 0x00000000eab00000)
  object space 40960K, 54% used [0x00000000c0000000,0x00000000c15ed630,0x00000000c2800000)
 Metaspace       used 6497K, capacity 7192K, committed 7424K, reserved 1056768K
  class space    used 643K, capacity 656K, committed 768K, reserved 1048576K
}

Deoptimization events (10 events):
Event: 7.162 Thread 0x0000000056452000 Uncommon trap: reason=unstable_if action=reinterpret pc=0x0000000002aaf3d4 method=com.android.dx.ssa.SCCP.simulateStmt(Lcom/android/dx/ssa/SsaInsn;)V @ 59
Event: 7.398 Thread 0x0000000056459800 Uncommon trap: reason=class_check action=maybe_recompile pc=0x0000000002bc9b10 method=com.android.dx.cf.code.BytecodeArray.parseInstruction(ILcom/android/dx/cf/code/BytecodeArray$Visitor;)I @ 987
Event: 7.401 Thread 0x0000000056459800 Uncommon trap: reason=class_check action=maybe_recompile pc=0x0000000002bc9b10 method=com.android.dx.cf.code.BytecodeArray.parseInstruction(ILcom/android/dx/cf/code/BytecodeArray$Visitor;)I @ 987
Event: 7.780 Thread 0x0000000056459800 Uncommon trap: reason=class_check action=maybe_recompile pc=0x0000000002bc9b10 method=com.android.dx.cf.code.BytecodeArray.parseInstruction(ILcom/android/dx/cf/code/BytecodeArray$Visitor;)I @ 987
Event: 7.780 Thread 0x0000000056459800 Uncommon trap: reason=class_check action=maybe_recompile pc=0x0000000002bc9b10 method=com.android.dx.cf.code.BytecodeArray.parseInstruction(ILcom/android/dx/cf/code/BytecodeArray$Visitor;)I @ 987
Event: 9.389 Thread 0x0000000056456800 Uncommon trap: reason=bimorphic action=maybe_recompile pc=0x0000000002cb08e0 method=com.android.dx.cf.code.BytecodeArray.parseInstruction(ILcom/android/dx/cf/code/BytecodeArray$Visitor;)I @ 2484
Event: 9.389 Thread 0x0000000056456800 Uncommon trap: reason=bimorphic action=maybe_recompile pc=0x0000000002cb08e0 method=com.android.dx.cf.code.BytecodeArray.parseInstruction(ILcom/android/dx/cf/code/BytecodeArray$Visitor;)I @ 2484
Event: 9.847 Thread 0x000000005644f000 Uncommon trap: reason=unstable_if action=reinterpret pc=0x0000000002cf76bc method=com.android.dx.rop.code.LocalVariableExtractor.processBlock(I)V @ 195
Event: 11.687 Thread 0x0000000056456800 Uncommon trap: reason=bimorphic action=maybe_recompile pc=0x0000000002b7dfa4 method=com.android.dx.ssa.LiteralOpUpgrader.tryReplacingWithConstant(Lcom/android/dx/ssa/NormalSsaInsn;)Z @ 62
Event: 11.765 Thread 0x0000000056456800 Uncommon trap: reason=unstable_if action=reinterpret pc=0x0000000002d37a64 method=com.android.dx.rop.code.BasicBlockList.preferredSuccessorOf(Lcom/android/dx/rop/code/BasicBlock;)Lcom/android/dx/rop/code/BasicBlock; @ 58

Internal exceptions (6 events):
Event: 0.095 Thread 0x0000000002058000 Exception <a 'java/lang/NoSuchMethodError': Method sun.misc.Unsafe.defineClass(Ljava/lang/String;[BII)Ljava/lang/Class; name or signature does not match> (0x00000000eab07ca8) thrown at [C:\re\workspace\8-2-build-windows-amd64-cygwin\jdk8u121\8372\hotspot\
Event: 0.095 Thread 0x0000000002058000 Exception <a 'java/lang/NoSuchMethodError': Method sun.misc.Unsafe.prefetchRead(Ljava/lang/Object;J)V name or signature does not match> (0x00000000eab07f90) thrown at [C:\re\workspace\8-2-build-windows-amd64-cygwin\jdk8u121\8372\hotspot\src\share\vm\prims
Event: 2.494 Thread 0x0000000056456800 Implicit null exception at 0x000000000288bd12 to 0x000000000288be0a
Event: 3.322 Thread 0x0000000056452000 Exception <a 'java/lang/ArrayIndexOutOfBoundsException': 18> (0x00000000ec8d9190) thrown at [C:\re\workspace\8-2-build-windows-amd64-cygwin\jdk8u121\8372\hotspot\src\share\vm\interpreter\interpreterRuntime.cpp, line 366]
Event: 3.322 Thread 0x0000000056452000 Exception <a 'java/lang/ArrayIndexOutOfBoundsException': 145> (0x00000000ec8dad10) thrown at [C:\re\workspace\8-2-build-windows-amd64-cygwin\jdk8u121\8372\hotspot\src\share\vm\interpreter\interpreterRuntime.cpp, line 366]
Event: 3.323 Thread 0x0000000056452000 Exception <a 'java/lang/ArrayIndexOutOfBoundsException'> (0x00000000ec8dbff8) thrown at [C:\re\workspace\8-2-build-windows-amd64-cygwin\jdk8u121\8372\hotspot\src\share\vm\runtime\sharedRuntime.cpp, line 605]

Events (10 events):
Event: 11.765 Thread 0x0000000056456800 DEOPT PACKING pc=0x0000000002d37a64 sp=0x000000005760ed80
Event: 11.765 Thread 0x0000000056456800 DEOPT UNPACKING pc=0x00000000025c582a sp=0x000000005760ed08 mode 2
Event: 12.448 Thread 0x0000000056456800 DEOPT PACKING pc=0x00000000029d1847 sp=0x000000005760ed00
Event: 12.448 Thread 0x0000000056456800 DEOPT UNPACKING pc=0x00000000025c787f sp=0x000000005760eae8 mode 0
Event: 12.894 Thread 0x0000000056456800 DEOPT PACKING pc=0x0000000002a777bb sp=0x000000005760ec50
Event: 12.894 Thread 0x0000000056456800 DEOPT UNPACKING pc=0x00000000025c787f sp=0x000000005760e998 mode 0
Event: 12.960 Thread 0x0000000056456800 DEOPT PACKING pc=0x00000000029b6cf9 sp=0x000000005760ec80
Event: 12.960 Thread 0x0000000056456800 DEOPT UNPACKING pc=0x00000000025c787f sp=0x000000005760ea10 mode 0
Event: 12.963 Thread 0x0000000056456800 DEOPT PACKING pc=0x00000000029bfe85 sp=0x000000005760ec30
Event: 12.963 Thread 0x0000000056456800 DEOPT UNPACKING pc=0x00000000025c787f sp=0x000000005760e998 mode 0


Dynamic libraries:
0x000000013fdc0000 - 0x000000013fdf7000 	D:\Java\jdk1.8.0_121\bin\java.exe
0x0000000077710000 - 0x00000000778ba000 	C:\windows\SYSTEM32\ntdll.dll
0x0000000077010000 - 0x000000007712f000 	C:\windows\system32\kernel32.dll
0x000007fefdc60000 - 0x000007fefdcca000 	C:\windows\system32\KERNELBASE.dll
0x000007feff920000 - 0x000007feff9fb000 	C:\windows\system32\ADVAPI32.dll
0x000007feff060000 - 0x000007feff0ff000 	C:\windows\system32\msvcrt.dll
0x000007feff250000 - 0x000007feff26f000 	C:\windows\SYSTEM32\sechost.dll
0x000007feff630000 - 0x000007feff75d000 	C:\windows\system32\RPCRT4.dll
0x0000000077610000 - 0x000000007770a000 	C:\windows\system32\USER32.dll
0x000007feff790000 - 0x000007feff7f7000 	C:\windows\system32\GDI32.dll
0x000007feff1d0000 - 0x000007feff1de000 	C:\windows\system32\LPK.dll
0x000007feff100000 - 0x000007feff1c9000 	C:\windows\system32\USP10.dll
0x000007fefc630000 - 0x000007fefc824000 	C:\windows\WinSxS\amd64_microsoft.windows.common-controls_6595b64144ccf1df_6.0.7601.18837_none_fa3b1e3d17594757\COMCTL32.dll
0x000007feff800000 - 0x000007feff871000 	C:\windows\system32\SHLWAPI.dll
0x000007feff760000 - 0x000007feff78e000 	C:\windows\system32\IMM32.DLL
0x000007fefe1c0000 - 0x000007fefe2c9000 	C:\windows\system32\MSCTF.dll
0x0000000060c80000 - 0x0000000060d52000 	D:\Java\jdk1.8.0_121\jre\bin\msvcr100.dll
0x000000006fdc0000 - 0x000000007065b000 	D:\Java\jdk1.8.0_121\jre\bin\server\jvm.dll
0x000007feee380000 - 0x000007feee389000 	C:\windows\system32\WSOCK32.dll
0x000007feff5e0000 - 0x000007feff62d000 	C:\windows\system32\WS2_32.dll
0x000007feff240000 - 0x000007feff248000 	C:\windows\system32\NSI.dll
0x000007fefb7e0000 - 0x000007fefb81b000 	C:\windows\system32\WINMM.dll
0x000007fefccc0000 - 0x000007fefcccc000 	C:\windows\system32\VERSION.dll
0x00000000778e0000 - 0x00000000778e7000 	C:\windows\system32\PSAPI.DLL
0x000000006fa20000 - 0x000000006fa2f000 	D:\Java\jdk1.8.0_121\jre\bin\verify.dll
0x0000000066540000 - 0x0000000066569000 	D:\Java\jdk1.8.0_121\jre\bin\java.dll
0x0000000065930000 - 0x0000000065946000 	D:\Java\jdk1.8.0_121\jre\bin\zip.dll
0x000007fefe2d0000 - 0x000007feff059000 	C:\windows\system32\SHELL32.dll
0x000007feff350000 - 0x000007feff553000 	C:\windows\system32\ole32.dll
0x000007fefdb70000 - 0x000007fefdb7f000 	C:\windows\system32\profapi.dll

VM Arguments:
jvm_args: -Djava.awt.headless=true -Xmx1024M -Dfile.encoding=GBK -Duser.country=CN -Duser.language=zh -Duser.variant 
java_command: com.android.dx.command.Main --dex --num-threads=4 --output D:\www\test\react-native\webview\android\app\build\intermediates\pre-dexed\debug\com.android.support-appcompat-v7-23.0.1_2ed7835385e0eadf16def0c7ec7f935469fa7b5a.jar D:\www\test\react-native\webview\android\app\build\intermediates\exploded-aar\com.android.support\appcompat-v7\23.0.1\jars\classes.jar
java_class_path (initial): D:\Android\sdk\build-tools\23.0.1\lib\dx.jar
Launcher Type: SUN_STANDARD

Environment Variables:
JAVA_HOME=D:\Java\jdk1.8.0_121
CLASSPATH=D:\www\test\react-native\webview\android\\gradle\wrapper\gradle-wrapper.jar
PATH=C:\Users\weiruizhe\bin;D:\Git\mingw64\bin;D:\Git\usr\local\bin;D:\Git\usr\bin;D:\Git\usr\bin;D:\Git\mingw64\bin;D:\Git\usr\bin;C:\Users\weiruizhe\bin;C:\ProgramData\Oracle\Java\javapath;D:\Python27;D:\Python27\Scripts;D:\Ruby23-x64\bin;C:\windows\system32;C:\windows;C:\windows\System32\Wbem;C:\windows\System32\WindowsPowerShell\v1.0;D:\TortoiseSVN\bin;D:\Git\cmd;D:\Java\jdk1.8.0_121\bin;D:\Java\jdk1.8.0_121\jre\bin;D:\Subversion\bin;D:\nvm;D:\nodejs;D:\Android\sdk\tools;D:\Android\sdk\platform-tools;D:\wamp\bin\apache\apache2.4.23\bin;D:\wnmp\php-5.6.30;D:\wnmp\mysql-5.7.17\bin;D:\MongoDB\Server\3.4\bin;C:\Users\weiruizhe\AppData\Local\atom\bin;D:\Git\usr\bin\vendor_perl;D:\Git\usr\bin\core_perl
USERNAME=weiruizhe
SHELL=D:\Git\usr\bin\bash
DISPLAY=needs-to-be-defined
OS=Windows_NT
PROCESSOR_IDENTIFIER=Intel64 Family 6 Model 61 Stepping 4, GenuineIntel



---------------  S Y S T E M  ---------------

OS: Windows 7 , 64 bit Build 7601 (6.1.7601.23539)

CPU:total 4 (2 cores per cpu, 2 threads per core) family 6 model 61 stepping 4, cmov, cx8, fxsr, mmx, sse, sse2, sse3, ssse3, sse4.1, sse4.2, popcnt, avx, avx2, clmul, erms, 3dnowpref, lzcnt, ht, tsc, tscinvbit, bmi1, bmi2, adx

Memory: 4k page, physical 3883140k(115524k free), swap 15530700k(5456k free)

vm_info: Java HotSpot(TM) 64-Bit Server VM (25.121-b13) for windows-amd64 JRE (1.8.0_121-b13), built on Dec 12 2016 18:21:36 by "java_re" with MS VC++ 10.0 (VS2010)

time: Thu May 04 00:01:25 2017
elapsed time: 13 seconds (0d 0h 0m 13s)

