#
# There is insufficient memory for the Java Runtime Environment to continue.
# Native memory allocation (malloc) failed to allocate 432016 bytes for Chunk::new
# Possible reasons:
#   The system is out of physical RAM or swap space
#   In 32 bit mode, the process size limit was hit
# Possible solutions:
#   Reduce memory load on the system
#   Increase physical memory or swap space
#   Check if swap backing store is full
#   Use 64 bit Java on a 64 bit OS
#   Decrease Java heap size (-Xmx/-Xms)
#   Decrease number of Java threads
#   Decrease Java thread stack sizes (-Xss)
#   Set larger code cache with -XX:ReservedCodeCacheSize=
# This output file may be truncated or incomplete.
#
#  Out of Memory Error (allocation.cpp:390), pid=9680, tid=0x0000000000003228
#
# JRE version: Java(TM) SE Runtime Environment (8.0_121-b13) (build 1.8.0_121-b13)
# Java VM: Java HotSpot(TM) 64-Bit Server VM (25.121-b13 mixed mode windows-amd64 compressed oops)
# Failed to write core dump. Minidumps are not enabled by default on client versions of Windows
#

---------------  T H R E A D  ---------------

Current thread (0x0000000056420000):  JavaThread "C2 CompilerThread0" daemon [_thread_in_native, id=12840, stack(0x0000000056b80000,0x0000000056c80000)]

Stack: [0x0000000056b80000,0x0000000056c80000]
[error occurred during error reporting (printing stack bounds), id 0xc0000005]

Native frames: (J=compiled Java code, j=interpreted, Vv=VM code, C=native code)


Current CompileTask:
C2:   2746  934       4       com.android.dx.dex.code.OutputFinisher::addConstants (93 bytes)


---------------  P R O C E S S  ---------------

Java Threads: ( => current thread )
  0x000000005647f800 JavaThread "Service Thread" daemon [_thread_blocked, id=8316, stack(0x0000000056a20000,0x0000000056b20000)]
  0x000000005647b800 JavaThread "C1 CompilerThread2" daemon [_thread_in_native, id=19088, stack(0x0000000056d10000,0x0000000056e10000)]
  0x000000005504b000 JavaThread "C2 CompilerThread1" daemon [_thread_blocked, id=3212, stack(0x00000000560b0000,0x00000000561b0000)]
=>0x0000000056420000 JavaThread "C2 CompilerThread0" daemon [_thread_in_native, id=12840, stack(0x0000000056b80000,0x0000000056c80000)]
  0x000000005640c800 JavaThread "Attach Listener" daemon [_thread_blocked, id=10560, stack(0x0000000056900000,0x0000000056a00000)]
  0x0000000055037800 JavaThread "Signal Dispatcher" daemon [_thread_blocked, id=16860, stack(0x0000000055e50000,0x0000000055f50000)]
  0x0000000055025000 JavaThread "Finalizer" daemon [_thread_blocked, id=19304, stack(0x0000000056300000,0x0000000056400000)]
  0x0000000054fe3000 JavaThread "Reference Handler" daemon [_thread_blocked, id=12576, stack(0x00000000561c0000,0x00000000562c0000)]
  0x0000000002118000 JavaThread "main" [_thread_in_Java, id=11436, stack(0x0000000002480000,0x0000000002580000)]

Other Threads:
  0x0000000054fdb000 VMThread [stack: 0x0000000055fa0000,0x00000000560a0000] [id=10212]
  0x00000000564dc800 WatcherThread [stack: 0x0000000056ed0000,0x0000000056fd0000] [id=17852]

VM state:not at safepoint (normal execution)

VM Mutex/Monitor currently owned by a thread: None

Heap:
 PSYoungGen      total 17920K, used 6059K [0x00000000eab00000, 0x00000000ebf00000, 0x0000000100000000)
  eden space 15360K, 22% used [0x00000000eab00000,0x00000000eae6cd10,0x00000000eba00000)
  from space 2560K, 99% used [0x00000000eba00000,0x00000000ebc7e048,0x00000000ebc80000)
  to   space 2560K, 0% used [0x00000000ebc80000,0x00000000ebc80000,0x00000000ebf00000)
 ParOldGen       total 40960K, used 1680K [0x00000000c0000000, 0x00000000c2800000, 0x00000000eab00000)
  object space 40960K, 4% used [0x00000000c0000000,0x00000000c01a4018,0x00000000c2800000)
 Metaspace       used 6110K, capacity 6872K, committed 7168K, reserved 1056768K
  class space    used 637K, capacity 656K, committed 768K, reserved 1048576K

Card table byte_map: [0x0000000011940000,0x0000000011b50000] byte_map_base: 0x0000000011340000

Marking Bits: (ParMarkBitMap*) 0x00000000705db6d0
 Begin Bits: [0x0000000012450000, 0x0000000013450000)
 End Bits:   [0x0000000013450000, 0x0000000014450000)

Polling page: 0x0000000000250000

CodeCache: size=245760Kb used=3419Kb max_used=3419Kb free=242340Kb
 bounds [0x0000000002580000, 0x00000000028e0000, 0x0000000011580000]
 total_blobs=1237 nmethods=965 adapters=184
 compilation: enabled

Compilation events (10 events):
Event: 2.727 Thread 0x000000005647b800  989       3       com.android.dx.rop.code.RegisterSpecSet::withOffset (77 bytes)
Event: 2.729 Thread 0x000000005647b800 nmethod 989 0x00000000028d2510 code [0x00000000028d2700, 0x00000000028d3218]
Event: 2.731 Thread 0x000000005647b800  991       3       java.util.BitSet::set (18 bytes)
Event: 2.731 Thread 0x000000005504b000  990       4       com.android.dx.dex.code.DalvInsn::<init> (67 bytes)
Event: 2.731 Thread 0x000000005647b800 nmethod 991 0x00000000028d3710 code [0x00000000028d3880, 0x00000000028d3ab8]
Event: 2.732 Thread 0x000000005647b800  992       3       com.android.dx.dex.code.FixedSizeInsn::<init> (8 bytes)
Event: 2.732 Thread 0x000000005647b800 nmethod 992 0x00000000028d6890 code [0x00000000028d6a00, 0x00000000028d6b88]
Event: 2.733 Thread 0x000000005647b800  993       3       com.android.dx.rop.cst.CstKnownNull::getType (4 bytes)
Event: 2.733 Thread 0x000000005647b800 nmethod 993 0x00000000028d6c50 code [0x00000000028d6da0, 0x00000000028d6ef0]
Event: 2.733 Thread 0x000000005647b800  994       3       com.android.dx.rop.cst.CstFloat::getType (4 bytes)

GC Heap History (2 events):
Event: 2.225 GC heap before
{Heap before GC invocations=1 (full 0):
 PSYoungGen      total 17920K, used 15360K [0x00000000eab00000, 0x00000000ebf00000, 0x0000000100000000)
  eden space 15360K, 100% used [0x00000000eab00000,0x00000000eba00000,0x00000000eba00000)
  from space 2560K, 0% used [0x00000000ebc80000,0x00000000ebc80000,0x00000000ebf00000)
  to   space 2560K, 0% used [0x00000000eba00000,0x00000000eba00000,0x00000000ebc80000)
 ParOldGen       total 40960K, used 0K [0x00000000c0000000, 0x00000000c2800000, 0x00000000eab00000)
  object space 40960K, 0% used [0x00000000c0000000,0x00000000c0000000,0x00000000c2800000)
 Metaspace       used 5896K, capacity 6744K, committed 6912K, reserved 1056768K
  class space    used 622K, capacity 656K, committed 768K, reserved 1048576K
Event: 2.330 GC heap after
Heap after GC invocations=1 (full 0):
 PSYoungGen      total 17920K, used 2552K [0x00000000eab00000, 0x00000000ebf00000, 0x0000000100000000)
  eden space 15360K, 0% used [0x00000000eab00000,0x00000000eab00000,0x00000000eba00000)
  from space 2560K, 99% used [0x00000000eba00000,0x00000000ebc7e048,0x00000000ebc80000)
  to   space 2560K, 0% used [0x00000000ebc80000,0x00000000ebc80000,0x00000000ebf00000)
 ParOldGen       total 40960K, used 1680K [0x00000000c0000000, 0x00000000c2800000, 0x00000000eab00000)
  object space 40960K, 4% used [0x00000000c0000000,0x00000000c01a4018,0x00000000c2800000)
 Metaspace       used 5896K, capacity 6744K, committed 6912K, reserved 1056768K
  class space    used 622K, capacity 656K, committed 768K, reserved 1048576K
}

Deoptimization events (7 events):
Event: 1.981 Thread 0x00000000565f5800 Uncommon trap: reason=bimorphic action=maybe_recompile pc=0x000000000276c88c method=java.util.HashMap.getNode(ILjava/lang/Object;)Ljava/util/HashMap$Node; @ 126
Event: 1.982 Thread 0x00000000565f5800 Uncommon trap: reason=bimorphic action=maybe_recompile pc=0x000000000276c88c method=java.util.HashMap.getNode(ILjava/lang/Object;)Ljava/util/HashMap$Node; @ 126
Event: 1.982 Thread 0x00000000565f5800 Uncommon trap: reason=bimorphic action=maybe_recompile pc=0x000000000276c88c method=java.util.HashMap.getNode(ILjava/lang/Object;)Ljava/util/HashMap$Node; @ 126
Event: 1.982 Thread 0x00000000565f5800 Uncommon trap: reason=bimorphic action=maybe_recompile pc=0x000000000276c88c method=java.util.HashMap.getNode(ILjava/lang/Object;)Ljava/util/HashMap$Node; @ 126
Event: 2.070 Thread 0x00000000565b7000 Uncommon trap: reason=unstable_if action=reinterpret pc=0x0000000002798030 method=com.android.dx.ssa.SsaRenamer$BlockRenamer.addMapping(ILcom/android/dx/rop/code/RegisterSpec;)V @ 120
Event: 2.673 Thread 0x0000000002118000 Uncommon trap: reason=unstable_if action=reinterpret pc=0x00000000028b2510 method=java.util.HashMap.putVal(ILjava/lang/Object;Ljava/lang/Object;ZZ)Ljava/lang/Object; @ 94
Event: 2.674 Thread 0x0000000002118000 Uncommon trap: reason=unstable_if action=reinterpret pc=0x00000000028b69a4 method=java.util.HashMap.putVal(ILjava/lang/Object;Ljava/lang/Object;ZZ)Ljava/lang/Object; @ 94

Internal exceptions (2 events):
Event: 0.090 Thread 0x0000000002118000 Exception <a 'java/lang/NoSuchMethodError': Method sun.misc.Unsafe.defineClass(Ljava/lang/String;[BII)Ljava/lang/Class; name or signature does not match> (0x00000000eab07ca8) thrown at [C:\re\workspace\8-2-build-windows-amd64-cygwin\jdk8u121\8372\hotspot\
Event: 0.090 Thread 0x0000000002118000 Exception <a 'java/lang/NoSuchMethodError': Method sun.misc.Unsafe.prefetchRead(Ljava/lang/Object;J)V name or signature does not match> (0x00000000eab07f90) thrown at [C:\re\workspace\8-2-build-windows-amd64-cygwin\jdk8u121\8372\hotspot\src\share\vm\prims

Events (10 events):
Event: 2.705 loading class com/android/dx/dex/code/LocalList$Disposition
Event: 2.705 loading class com/android/dx/dex/code/LocalList$Disposition done
Event: 2.706 loading class com/android/dx/dex/code/LocalList$Entry
Event: 2.706 loading class com/android/dx/dex/code/LocalList$Entry done
Event: 2.707 loading class com/android/dx/dex/code/CatchHandlerList
Event: 2.707 loading class com/android/dx/dex/code/CatchHandlerList done
Event: 2.707 loading class com/android/dx/dex/code/CatchTable
Event: 2.707 loading class com/android/dx/dex/code/CatchTable done
Event: 2.715 loading class com/android/dx/rop/code/RegisterSpecList$Expander
Event: 2.715 loading class com/android/dx/rop/code/RegisterSpecList$Expander done


Dynamic libraries:
0x000000013fdc0000 - 0x000000013fdf7000 	D:\Java\jdk1.8.0_121\bin\java.exe
0x0000000077710000 - 0x00000000778ba000 	C:\windows\SYSTEM32\ntdll.dll
0x0000000077010000 - 0x000000007712f000 	C:\windows\system32\kernel32.dll
0x000007fefdc60000 - 0x000007fefdcca000 	C:\windows\system32\KERNELBASE.dll
0x000007feff920000 - 0x000007feff9fb000 	C:\windows\system32\ADVAPI32.dll
0x000007feff060000 - 0x000007feff0ff000 	C:\windows\system32\msvcrt.dll
0x000007feff250000 - 0x000007feff26f000 	C:\windows\SYSTEM32\sechost.dll
0x000007feff630000 - 0x000007feff75d000 	C:\windows\system32\RPCRT4.dll
0x0000000077610000 - 0x000000007770a000 	C:\windows\system32\USER32.dll
0x000007feff790000 - 0x000007feff7f7000 	C:\windows\system32\GDI32.dll
0x000007feff1d0000 - 0x000007feff1de000 	C:\windows\system32\LPK.dll
0x000007feff100000 - 0x000007feff1c9000 	C:\windows\system32\USP10.dll
0x000007fefc630000 - 0x000007fefc824000 	C:\windows\WinSxS\amd64_microsoft.windows.common-controls_6595b64144ccf1df_6.0.7601.18837_none_fa3b1e3d17594757\COMCTL32.dll
0x000007feff800000 - 0x000007feff871000 	C:\windows\system32\SHLWAPI.dll
0x000007feff760000 - 0x000007feff78e000 	C:\windows\system32\IMM32.DLL
0x000007fefe1c0000 - 0x000007fefe2c9000 	C:\windows\system32\MSCTF.dll
0x0000000060c80000 - 0x0000000060d52000 	D:\Java\jdk1.8.0_121\jre\bin\msvcr100.dll
0x000000006fdc0000 - 0x000000007065b000 	D:\Java\jdk1.8.0_121\jre\bin\server\jvm.dll
0x000007feee380000 - 0x000007feee389000 	C:\windows\system32\WSOCK32.dll
0x000007feff5e0000 - 0x000007feff62d000 	C:\windows\system32\WS2_32.dll
0x000007feff240000 - 0x000007feff248000 	C:\windows\system32\NSI.dll
0x000007fefb7e0000 - 0x000007fefb81b000 	C:\windows\system32\WINMM.dll
0x000007fefccc0000 - 0x000007fefcccc000 	C:\windows\system32\VERSION.dll
0x00000000778e0000 - 0x00000000778e7000 	C:\windows\system32\PSAPI.DLL
0x000000006fa20000 - 0x000000006fa2f000 	D:\Java\jdk1.8.0_121\jre\bin\verify.dll
0x0000000066540000 - 0x0000000066569000 	D:\Java\jdk1.8.0_121\jre\bin\java.dll
0x0000000065930000 - 0x0000000065946000 	D:\Java\jdk1.8.0_121\jre\bin\zip.dll
0x000007fefe2d0000 - 0x000007feff059000 	C:\windows\system32\SHELL32.dll
0x000007feff350000 - 0x000007feff553000 	C:\windows\system32\ole32.dll
0x000007fefdb70000 - 0x000007fefdb7f000 	C:\windows\system32\profapi.dll

VM Arguments:
jvm_args: -Djava.awt.headless=true -Xmx1024M -Dfile.encoding=GBK -Duser.country=CN -Duser.language=zh -Duser.variant 
java_command: com.android.dx.command.Main --dex --num-threads=4 --output D:\www\test\react-native\webview\android\app\build\intermediates\pre-dexed\debug\com.facebook.fbui.textlayoutbuilder-textlayoutbuilder-1.0.0_23ac826470ebe8c94d13d4ded841233da76bdf2e.jar D:\www\test\react-native\webview\android\app\build\intermediates\exploded-aar\com.facebook.fbui.textlayoutbuilder\textlayoutbuilder\1.0.0\jars\classes.jar
java_class_path (initial): D:\Android\sdk\build-tools\23.0.1\lib\dx.jar
Launcher Type: SUN_STANDARD

Environment Variables:
JAVA_HOME=D:\Java\jdk1.8.0_121
CLASSPATH=D:\www\test\react-native\webview\android\\gradle\wrapper\gradle-wrapper.jar
PATH=C:\Users\weiruizhe\bin;D:\Git\mingw64\bin;D:\Git\usr\local\bin;D:\Git\usr\bin;D:\Git\usr\bin;D:\Git\mingw64\bin;D:\Git\usr\bin;C:\Users\weiruizhe\bin;C:\ProgramData\Oracle\Java\javapath;D:\Python27;D:\Python27\Scripts;D:\Ruby23-x64\bin;C:\windows\system32;C:\windows;C:\windows\System32\Wbem;C:\windows\System32\WindowsPowerShell\v1.0;D:\TortoiseSVN\bin;D:\Git\cmd;D:\Java\jdk1.8.0_121\bin;D:\Java\jdk1.8.0_121\jre\bin;D:\Subversion\bin;D:\nvm;D:\nodejs;D:\Android\sdk\tools;D:\Android\sdk\platform-tools;D:\wamp\bin\apache\apache2.4.23\bin;D:\wnmp\php-5.6.30;D:\wnmp\mysql-5.7.17\bin;D:\MongoDB\Server\3.4\bin;C:\Users\weiruizhe\AppData\Local\atom\bin;D:\Git\usr\bin\vendor_perl;D:\Git\usr\bin\core_perl
USERNAME=weiruizhe
SHELL=D:\Git\usr\bin\bash
DISPLAY=needs-to-be-defined
OS=Windows_NT
PROCESSOR_IDENTIFIER=Intel64 Family 6 Model 61 Stepping 4, GenuineIntel



---------------  S Y S T E M  ---------------

OS: Windows 7 , 64 bit Build 7601 (6.1.7601.23539)

CPU:total 4 (2 cores per cpu, 2 threads per core) family 6 model 61 stepping 4, cmov, cx8, fxsr, mmx, sse, sse2, sse3, ssse3, sse4.1, sse4.2, popcnt, avx, avx2, clmul, erms, 3dnowpref, lzcnt, ht, tsc, tscinvbit, bmi1, bmi2, adx

Memory: 4k page, physical 3883140k(115656k free), swap 15530700k(5268k free)

vm_info: Java HotSpot(TM) 64-Bit Server VM (25.121-b13) for windows-amd64 JRE (1.8.0_121-b13), built on Dec 12 2016 18:21:36 by "java_re" with MS VC++ 10.0 (VS2010)

time: Thu May 04 00:01:25 2017
elapsed time: 2 seconds (0d 0h 0m 2s)

