#
# There is insufficient memory for the Java Runtime Environment to continue.
# Native memory allocation (malloc) failed to allocate 32784 bytes for Chunk::new
# Possible reasons:
#   The system is out of physical RAM or swap space
#   In 32 bit mode, the process size limit was hit
# Possible solutions:
#   Reduce memory load on the system
#   Increase physical memory or swap space
#   Check if swap backing store is full
#   Use 64 bit Java on a 64 bit OS
#   Decrease Java heap size (-Xmx/-Xms)
#   Decrease number of Java threads
#   Decrease Java thread stack sizes (-Xss)
#   Set larger code cache with -XX:ReservedCodeCacheSize=
# This output file may be truncated or incomplete.
#
#  Out of Memory Error (allocation.cpp:390), pid=11464, tid=0x0000000000004190
#
# JRE version: Java(TM) SE Runtime Environment (8.0_121-b13) (build 1.8.0_121-b13)
# Java VM: Java HotSpot(TM) 64-Bit Server VM (25.121-b13 mixed mode windows-amd64 compressed oops)
# Failed to write core dump. Minidumps are not enabled by default on client versions of Windows
#

---------------  T H R E A D  ---------------

Current thread (0x0000000056294000):  JavaThread "C2 CompilerThread1" daemon [_thread_in_native, id=16784, stack(0x0000000055d70000,0x0000000055e70000)]

Stack: [0x0000000055d70000,0x0000000055e70000]
[error occurred during error reporting (printing stack bounds), id 0xc0000005]

Native frames: (J=compiled Java code, j=interpreted, Vv=VM code, C=native code)


Current CompileTask:
C2: 141238 9445  s    4       java.io.BufferedInputStream::read (113 bytes)


---------------  P R O C E S S  ---------------

Java Threads: ( => current thread )
  0x000000005a0b2800 JavaThread "Forward streams with process: command 'D:\Java\jdk1.8.0_121\bin\java.exe' Thread 3" [_thread_in_native, id=19160, stack(0x00000000590b0000,0x00000000591b0000)]
  0x000000005a0b3800 JavaThread "Forward streams with process: command 'D:\Java\jdk1.8.0_121\bin\java.exe' Thread 2" [_thread_in_native, id=4284, stack(0x0000000068040000,0x0000000068140000)]
  0x000000005a0b2000 JavaThread "Forward streams with process: command 'D:\Java\jdk1.8.0_121\bin\java.exe'" [_thread_blocked, id=10400, stack(0x0000000067a50000,0x0000000067b50000)]
  0x000000005f00a000 JavaThread "Run command 'D:\Java\jdk1.8.0_121\bin\java.exe'" [_thread_in_native, id=14232, stack(0x0000000059440000,0x0000000059540000)]
  0x000000005a0b1000 JavaThread "Forward streams with process: command 'D:\Java\jdk1.8.0_121\bin\java.exe' Thread 3" [_thread_in_native, id=7756, stack(0x0000000067f30000,0x0000000068030000)]
  0x000000005a0b0800 JavaThread "Forward streams with process: command 'D:\Java\jdk1.8.0_121\bin\java.exe' Thread 2" [_thread_in_native, id=11380, stack(0x0000000067c50000,0x0000000067d50000)]
  0x000000005f00b800 JavaThread "Forward streams with process: command 'D:\Java\jdk1.8.0_121\bin\java.exe'" [_thread_blocked, id=18856, stack(0x0000000067880000,0x0000000067980000)]
  0x000000005f00b000 JavaThread "Run command 'D:\Java\jdk1.8.0_121\bin\java.exe'" [_thread_in_native, id=15520, stack(0x0000000067640000,0x0000000067740000)]
  0x000000005f00e800 JavaThread "Forward streams with process: command 'D:\Java\jdk1.8.0_121\bin\java.exe' Thread 3" [_thread_in_native, id=15540, stack(0x00000000688c0000,0x00000000689c0000)]
  0x000000005f00e000 JavaThread "Forward streams with process: command 'D:\Java\jdk1.8.0_121\bin\java.exe' Thread 2" [_thread_in_native, id=19436, stack(0x0000000066730000,0x0000000066830000)]
  0x000000005f00c800 JavaThread "Forward streams with process: command 'D:\Java\jdk1.8.0_121\bin\java.exe'" [_thread_blocked, id=8592, stack(0x0000000068480000,0x0000000068580000)]
  0x000000005f008800 JavaThread "Run command 'D:\Java\jdk1.8.0_121\bin\java.exe'" [_thread_in_native, id=2224, stack(0x0000000067230000,0x0000000067330000)]
  0x000000005a0b5800 JavaThread "Forward streams with process: command 'D:\Java\jdk1.8.0_121\bin\java.exe' Thread 3" [_thread_in_native, id=8656, stack(0x00000000689f0000,0x0000000068af0000)]
  0x000000005a0b4000 JavaThread "Forward streams with process: command 'D:\Java\jdk1.8.0_121\bin\java.exe' Thread 2" [_thread_in_native, id=13372, stack(0x00000000687c0000,0x00000000688c0000)]
  0x000000005a0b5000 JavaThread "Forward streams with process: command 'D:\Java\jdk1.8.0_121\bin\java.exe'" [_thread_blocked, id=2200, stack(0x0000000068610000,0x0000000068710000)]
  0x000000005f009800 JavaThread "Run command 'D:\Java\jdk1.8.0_121\bin\java.exe'" [_thread_in_native, id=18620, stack(0x0000000067d50000,0x0000000067e50000)]
  0x000000005f008000 JavaThread "pool-6-thread-4" [_thread_blocked, id=13680, stack(0x0000000066960000,0x0000000066a60000)]
  0x000000005b5b5000 JavaThread "pool-6-thread-2" [_thread_blocked, id=11964, stack(0x0000000067350000,0x0000000067450000)]
  0x000000005b5b4000 JavaThread "pool-6-thread-3" [_thread_blocked, id=17732, stack(0x0000000067130000,0x0000000067230000)]
  0x00000000586c6800 JavaThread "pool-6-thread-1" [_thread_blocked, id=8244, stack(0x0000000066f90000,0x0000000067090000)]
  0x000000005b5b3800 JavaThread "stdout" daemon [_thread_in_native, id=17764, stack(0x0000000059860000,0x0000000059960000)]
  0x000000005b5b2800 JavaThread "stderr" daemon [_thread_in_native, id=6528, stack(0x0000000065960000,0x0000000065a60000)]
  0x000000005b5b2000 JavaThread "stdout" daemon [_thread_in_native, id=15464, stack(0x0000000066a80000,0x0000000066b80000)]
  0x000000005b5b1000 JavaThread "stderr" daemon [_thread_in_native, id=7044, stack(0x0000000066830000,0x0000000066930000)]
  0x000000005b5b0800 JavaThread "stdout" daemon [_thread_in_native, id=14372, stack(0x00000000662f0000,0x00000000663f0000)]
  0x000000005b5af800 JavaThread "stderr" daemon [_thread_in_native, id=17672, stack(0x0000000066630000,0x0000000066730000)]
  0x000000005b5af000 JavaThread "stdout" daemon [_thread_in_native, id=5400, stack(0x00000000663f0000,0x00000000664f0000)]
  0x000000005b5ae000 JavaThread "stderr" daemon [_thread_in_native, id=12240, stack(0x00000000661d0000,0x00000000662d0000)]
  0x000000005d850800 JavaThread "stdout" daemon [_thread_in_native, id=10196, stack(0x0000000066080000,0x0000000066180000)]
  0x000000005d84f800 JavaThread "stderr" daemon [_thread_in_native, id=18812, stack(0x0000000065d40000,0x0000000065e40000)]
  0x000000005d84f000 JavaThread "stdout" daemon [_thread_in_native, id=18880, stack(0x0000000065f70000,0x0000000066070000)]
  0x000000005d84e000 JavaThread "stderr" daemon [_thread_in_native, id=16260, stack(0x0000000065370000,0x0000000065470000)]
  0x000000005d84d800 JavaThread "stdout" daemon [_thread_in_native, id=15328, stack(0x0000000065e40000,0x0000000065f40000)]
  0x000000005d84c800 JavaThread "stderr" daemon [_thread_in_native, id=12556, stack(0x0000000065c40000,0x0000000065d40000)]
  0x000000005d84c000 JavaThread "stdout" daemon [_thread_in_native, id=17628, stack(0x0000000065a60000,0x0000000065b60000)]
  0x000000005d84b000 JavaThread "stderr" daemon [_thread_in_native, id=9916, stack(0x0000000065770000,0x0000000065870000)]
  0x000000005d849800 JavaThread "stdout" daemon [_thread_in_native, id=13524, stack(0x00000000655b0000,0x00000000656b0000)]
  0x00000000586c9000 JavaThread "stderr" daemon [_thread_in_native, id=18536, stack(0x0000000064db0000,0x0000000064eb0000)]
  0x00000000586c8000 JavaThread "stdout" daemon [_thread_in_native, id=17548, stack(0x0000000065490000,0x0000000065590000)]
  0x00000000586c7800 JavaThread "stderr" daemon [_thread_in_native, id=18480, stack(0x0000000065260000,0x0000000065360000)]
  0x00000000586c6000 JavaThread "stdout" daemon [_thread_in_native, id=14168, stack(0x0000000064ed0000,0x0000000064fd0000)]
  0x00000000586c5000 JavaThread "stderr" daemon [_thread_in_native, id=14484, stack(0x00000000648d0000,0x00000000649d0000)]
  0x00000000586c4800 JavaThread "stdout" daemon [_thread_in_native, id=7020, stack(0x0000000064c60000,0x0000000064d60000)]
  0x00000000586c3800 JavaThread "stderr" daemon [_thread_in_native, id=11360, stack(0x0000000064a50000,0x0000000064b50000)]
  0x00000000586c3000 JavaThread "stdout" daemon [_thread_in_native, id=4376, stack(0x00000000646c0000,0x00000000647c0000)]
  0x00000000586c2000 JavaThread "stderr" daemon [_thread_in_native, id=6456, stack(0x00000000647d0000,0x00000000648d0000)]
  0x000000005aa15800 JavaThread "stdout" daemon [_thread_in_native, id=1348, stack(0x0000000064560000,0x0000000064660000)]
  0x000000005aa14800 JavaThread "stderr" daemon [_thread_in_native, id=16928, stack(0x0000000064370000,0x0000000064470000)]
  0x000000005aa14000 JavaThread "stdout" daemon [_thread_in_native, id=6764, stack(0x00000000637e0000,0x00000000638e0000)]
  0x000000005aa13000 JavaThread "stderr" daemon [_thread_in_native, id=10408, stack(0x0000000064180000,0x0000000064280000)]
  0x000000005aa12800 JavaThread "stdout" daemon [_thread_in_native, id=12192, stack(0x0000000063fa0000,0x00000000640a0000)]
  0x000000005aa11800 JavaThread "stderr" daemon [_thread_in_native, id=1872, stack(0x0000000063df0000,0x0000000063ef0000)]
  0x000000005aa11000 JavaThread "stdout" daemon [_thread_in_native, id=6804, stack(0x0000000063a40000,0x0000000063b40000)]
  0x000000005aa10000 JavaThread "stderr" daemon [_thread_in_native, id=9504, stack(0x0000000063cb0000,0x0000000063db0000)]
  0x000000005aa0f000 JavaThread "png-cruncher_20" daemon [_thread_blocked, id=18588, stack(0x0000000063b50000,0x0000000063c50000)]
  0x000000005aa0e800 JavaThread "png-cruncher_19" daemon [_thread_blocked, id=15528, stack(0x00000000638e0000,0x00000000639e0000)]
  0x0000000058877800 JavaThread "png-cruncher_18" daemon [_thread_blocked, id=13580, stack(0x00000000636d0000,0x00000000637d0000)]
  0x0000000058877000 JavaThread "png-cruncher_17" daemon [_thread_blocked, id=15868, stack(0x0000000063540000,0x0000000063640000)]
  0x0000000058876000 JavaThread "png-cruncher_16" daemon [_thread_blocked, id=18116, stack(0x0000000063370000,0x0000000063470000)]
  0x0000000058875800 JavaThread "stdout" daemon [_thread_in_native, id=16544, stack(0x0000000062b70000,0x0000000062c70000)]
  0x0000000058874800 JavaThread "stderr" daemon [_thread_in_native, id=17048, stack(0x0000000063210000,0x0000000063310000)]
  0x0000000058873800 JavaThread "png-cruncher_15" daemon [_thread_blocked, id=7600, stack(0x0000000062ca0000,0x0000000062da0000)]
  0x0000000058873000 JavaThread "png-cruncher_14" daemon [_thread_blocked, id=15732, stack(0x0000000063090000,0x0000000063190000)]
  0x0000000058872000 JavaThread "png-cruncher_13" daemon [_thread_blocked, id=17992, stack(0x0000000062ed0000,0x0000000062fd0000)]
  0x0000000058871800 JavaThread "png-cruncher_12" daemon [_thread_blocked, id=7828, stack(0x0000000061d80000,0x0000000061e80000)]
  0x0000000058870800 JavaThread "png-cruncher_11" daemon [_thread_blocked, id=7528, stack(0x0000000062db0000,0x0000000062eb0000)]
  0x000000005af24800 JavaThread "stdout" daemon [_thread_in_native, id=5164, stack(0x00000000629c0000,0x0000000062ac0000)]
  0x000000005af23800 JavaThread "stderr" daemon [_thread_in_native, id=14980, stack(0x0000000062360000,0x0000000062460000)]
  0x000000005af23000 JavaThread "stdout" daemon [_thread_in_native, id=7420, stack(0x00000000628b0000,0x00000000629b0000)]
  0x000000005af22000 JavaThread "stderr" daemon [_thread_in_native, id=17180, stack(0x0000000062710000,0x0000000062810000)]
  0x000000005af21800 JavaThread "png-cruncher_10" daemon [_thread_blocked, id=6468, stack(0x00000000625b0000,0x00000000626b0000)]
  0x000000005af20800 JavaThread "png-cruncher_9" daemon [_thread_blocked, id=10492, stack(0x0000000062460000,0x0000000062560000)]
  0x000000005af20000 JavaThread "png-cruncher_8" daemon [_thread_blocked, id=18952, stack(0x0000000058a20000,0x0000000058b20000)]
  0x000000005af1f000 JavaThread "png-cruncher_7" daemon [_thread_blocked, id=16160, stack(0x00000000621d0000,0x00000000622d0000)]
  0x000000005af1e800 JavaThread "png-cruncher_6" daemon [_thread_blocked, id=16120, stack(0x00000000620a0000,0x00000000621a0000)]
  0x000000005af1d800 JavaThread "png-cruncher_5" daemon [_thread_blocked, id=16308, stack(0x0000000061f90000,0x0000000062090000)]
  0x0000000057db4800 JavaThread "png-cruncher_4" daemon [_thread_blocked, id=8228, stack(0x0000000061e90000,0x0000000061f90000)]
  0x0000000057db4000 JavaThread "png-cruncher_3" daemon [_thread_blocked, id=7336, stack(0x00000000618a0000,0x00000000619a0000)]
  0x0000000057db3000 JavaThread "png-cruncher_2" daemon [_thread_blocked, id=15924, stack(0x0000000061c80000,0x0000000061d80000)]
  0x0000000057db2800 JavaThread "png-cruncher_1" daemon [_thread_blocked, id=18436, stack(0x0000000061b10000,0x0000000061c10000)]
  0x0000000057db1800 JavaThread "pool-3-thread-4" [_thread_blocked, id=16832, stack(0x00000000619a0000,0x0000000061aa0000)]
  0x0000000057db1000 JavaThread "pool-3-thread-3" [_thread_blocked, id=16428, stack(0x00000000617a0000,0x00000000618a0000)]
  0x0000000057db0000 JavaThread "pool-3-thread-2" [_thread_blocked, id=13060, stack(0x000000005df30000,0x000000005e030000)]
  0x0000000057daf800 JavaThread "pool-3-thread-1" [_thread_blocked, id=18552, stack(0x00000000615d0000,0x00000000616d0000)]
  0x0000000057dae800 JavaThread "File lock request listener" [_thread_in_native, id=15376, stack(0x000000005f300000,0x000000005f400000)]
  0x000000005649a800 JavaThread "Stdin handler" [_thread_blocked, id=8860, stack(0x0000000059b50000,0x0000000059c50000)]
  0x00000000571bd000 JavaThread "Asynchronous log dispatcher for org.gradle.launcher.daemon.server.DefaultDaemonConnection@137c69e3" [_thread_blocked, id=9848, stack(0x0000000059960000,0x0000000059a60000)]
  0x00000000571cd000 JavaThread "Daemon worker" [_thread_blocked, id=14656, stack(0x0000000059310000,0x0000000059410000)]
  0x00000000563d5000 JavaThread "Cancel handler" [_thread_blocked, id=19128, stack(0x0000000059560000,0x0000000059660000)]
  0x0000000057192000 JavaThread "Handler for socket connection from /127.0.0.1:56402 to /127.0.0.1:56415" [_thread_in_native, id=19000, stack(0x0000000058e80000,0x0000000058f80000)]
  0x0000000057190000 JavaThread "Daemon" [_thread_blocked, id=17248, stack(0x00000000591d0000,0x00000000592d0000)]
  0x0000000056329800 JavaThread "Incoming local TCP Connector on port 56402" [_thread_in_native, id=14396, stack(0x0000000058fa0000,0x00000000590a0000)]
  0x0000000056fc7800 JavaThread "pool-1-thread-1" [_thread_blocked, id=9532, stack(0x0000000058b30000,0x0000000058c30000)]
  0x000000005630d000 JavaThread "Service Thread" daemon [_thread_blocked, id=7372, stack(0x0000000056eb0000,0x0000000056fb0000)]
  0x00000000562ce800 JavaThread "C1 CompilerThread2" daemon [_thread_blocked, id=14348, stack(0x0000000056c50000,0x0000000056d50000)]
=>0x0000000056294000 JavaThread "C2 CompilerThread1" daemon [_thread_in_native, id=16784, stack(0x0000000055d70000,0x0000000055e70000)]
  0x000000005628c000 JavaThread "C2 CompilerThread0" daemon [_thread_blocked, id=10816, stack(0x0000000056ad0000,0x0000000056bd0000)]
  0x0000000054f1c000 JavaThread "Attach Listener" daemon [_thread_blocked, id=15740, stack(0x00000000569b0000,0x0000000056ab0000)]
  0x000000005627a800 JavaThread "Signal Dispatcher" daemon [_thread_blocked, id=18760, stack(0x0000000056790000,0x0000000056890000)]
  0x0000000054efb800 JavaThread "Finalizer" daemon [_thread_blocked, id=11356, stack(0x0000000056170000,0x0000000056270000)]
  0x0000000054eb3800 JavaThread "Reference Handler" daemon [_thread_blocked, id=8376, stack(0x0000000055fd0000,0x00000000560d0000)]
  0x00000000020f8000 JavaThread "main" [_thread_blocked, id=8600, stack(0x0000000002500000,0x0000000002600000)]

Other Threads:
  0x0000000054eab800 VMThread [stack: 0x0000000055e80000,0x0000000055f80000] [id=13892]
  0x000000005634f000 WatcherThread [stack: 0x0000000056670000,0x0000000056770000] [id=14876]

VM state:not at safepoint (normal execution)

VM Mutex/Monitor currently owned by a thread: None

Heap:
 PSYoungGen      total 302592K, used 191314K [0x00000000eab00000, 0x0000000100000000, 0x0000000100000000)
  eden space 279552K, 68% used [0x00000000eab00000,0x00000000f65d4ba8,0x00000000fbc00000)
  from space 23040K, 0% used [0x00000000fd400000,0x00000000fd400000,0x00000000fea80000)
  to   space 24576K, 0% used [0x00000000fbc00000,0x00000000fbc00000,0x00000000fd400000)
 ParOldGen       total 76800K, used 38012K [0x00000000c0000000, 0x00000000c4b00000, 0x00000000eab00000)
  object space 76800K, 49% used [0x00000000c0000000,0x00000000c251f0f0,0x00000000c4b00000)
 Metaspace       used 60514K, capacity 62052K, committed 62168K, reserved 1103872K
  class space    used 8032K, capacity 8403K, committed 8448K, reserved 1048576K

Card table byte_map: [0x00000000119c0000,0x0000000011bd0000] byte_map_base: 0x00000000113c0000

Marking Bits: (ParMarkBitMap*) 0x00000000705db6d0
 Begin Bits: [0x0000000012320000, 0x0000000013320000)
 End Bits:   [0x0000000013320000, 0x0000000014320000)

Polling page: 0x0000000000150000

CodeCache: size=245760Kb used=26158Kb max_used=27269Kb free=219601Kb
 bounds [0x0000000002600000, 0x00000000040c0000, 0x0000000011600000]
 total_blobs=8827 nmethods=8067 adapters=670
 compilation: enabled

Compilation events (10 events):
Event: 137.445 Thread 0x00000000562ce800 nmethod 9440 0x0000000003946590 code [0x0000000003946740, 0x0000000003946c90]
Event: 137.449 Thread 0x00000000562ce800 9441       3       org.gradle.internal.logging.slf4j.OutputEventListenerBackedLogger::isInfoEnabled (8 bytes)
Event: 137.450 Thread 0x00000000562ce800 nmethod 9441 0x00000000029353d0 code [0x0000000002935560, 0x0000000002935a08]
Event: 137.452 Thread 0x00000000562ce800 9442       3       com.google.common.base.Joiner::appendTo (73 bytes)
Event: 137.453 Thread 0x00000000562ce800 nmethod 9442 0x000000000312c4d0 code [0x000000000312c6e0, 0x000000000312d0f8]
Event: 137.454 Thread 0x00000000562ce800 9443       3       java.lang.Thread::checkAccess (14 bytes)
Event: 137.455 Thread 0x00000000562ce800 nmethod 9443 0x000000000274ca90 code [0x000000000274cc00, 0x000000000274cec8]
Event: 137.457 Thread 0x00000000562ce800 9444       3       java.util.Collections$UnmodifiableMap::size (10 bytes)
Event: 137.457 Thread 0x00000000562ce800 nmethod 9444 0x0000000004073e50 code [0x0000000004073fc0, 0x00000000040741e8]
Event: 141.196 Thread 0x0000000056294000 9445  s    4       java.io.BufferedInputStream::read (113 bytes)

GC Heap History (10 events):
Event: 78.548 GC heap before
{Heap before GC invocations=9 (full 2):
 PSYoungGen      total 130560K, used 10210K [0x00000000eab00000, 0x00000000fa980000, 0x0000000100000000)
  eden space 120320K, 0% used [0x00000000eab00000,0x00000000eab00000,0x00000000f2080000)
  from space 10240K, 99% used [0x00000000f2080000,0x00000000f2a789b8,0x00000000f2a80000)
  to   space 13312K, 0% used [0x00000000f9c80000,0x00000000f9c80000,0x00000000fa980000)
 ParOldGen       total 32256K, used 12460K [0x00000000c0000000, 0x00000000c1f80000, 0x00000000eab00000)
  object space 32256K, 38% used [0x00000000c0000000,0x00000000c0c2b370,0x00000000c1f80000)
 Metaspace       used 34682K, capacity 35208K, committed 35456K, reserved 1079296K
  class space    used 4665K, capacity 4872K, committed 4992K, reserved 1048576K
Event: 78.649 GC heap after
Heap after GC invocations=9 (full 2):
 PSYoungGen      total 130560K, used 0K [0x00000000eab00000, 0x00000000fa980000, 0x0000000100000000)
  eden space 120320K, 0% used [0x00000000eab00000,0x00000000eab00000,0x00000000f2080000)
  from space 10240K, 0% used [0x00000000f2080000,0x00000000f2080000,0x00000000f2a80000)
  to   space 13312K, 0% used [0x00000000f9c80000,0x00000000f9c80000,0x00000000fa980000)
 ParOldGen       total 47616K, used 19601K [0x00000000c0000000, 0x00000000c2e80000, 0x00000000eab00000)
  object space 47616K, 41% used [0x00000000c0000000,0x00000000c1324648,0x00000000c2e80000)
 Metaspace       used 34630K, capacity 35082K, committed 35456K, reserved 1079296K
  class space    used 4651K, capacity 4830K, committed 4992K, reserved 1048576K
}
Event: 81.352 GC heap before
{Heap before GC invocations=10 (full 2):
 PSYoungGen      total 130560K, used 120320K [0x00000000eab00000, 0x00000000fa980000, 0x0000000100000000)
  eden space 120320K, 100% used [0x00000000eab00000,0x00000000f2080000,0x00000000f2080000)
  from space 10240K, 0% used [0x00000000f2080000,0x00000000f2080000,0x00000000f2a80000)
  to   space 13312K, 0% used [0x00000000f9c80000,0x00000000f9c80000,0x00000000fa980000)
 ParOldGen       total 47616K, used 19601K [0x00000000c0000000, 0x00000000c2e80000, 0x00000000eab00000)
  object space 47616K, 41% used [0x00000000c0000000,0x00000000c1324648,0x00000000c2e80000)
 Metaspace       used 43940K, capacity 44674K, committed 45056K, reserved 1087488K
  class space    used 5883K, capacity 6104K, committed 6144K, reserved 1048576K
Event: 81.379 GC heap after
Heap after GC invocations=10 (full 2):
 PSYoungGen      total 215552K, used 12474K [0x00000000eab00000, 0x00000000fa900000, 0x0000000100000000)
  eden space 202752K, 0% used [0x00000000eab00000,0x00000000eab00000,0x00000000f7100000)
  from space 12800K, 97% used [0x00000000f9c80000,0x00000000fa8ae850,0x00000000fa900000)
  to   space 15360K, 0% used [0x00000000f8b00000,0x00000000f8b00000,0x00000000f9a00000)
 ParOldGen       total 47616K, used 19609K [0x00000000c0000000, 0x00000000c2e80000, 0x00000000eab00000)
  object space 47616K, 41% used [0x00000000c0000000,0x00000000c1326648,0x00000000c2e80000)
 Metaspace       used 43940K, capacity 44674K, committed 45056K, reserved 1087488K
  class space    used 5883K, capacity 6104K, committed 6144K, reserved 1048576K
}
Event: 94.401 GC heap before
{Heap before GC invocations=11 (full 2):
 PSYoungGen      total 215552K, used 215226K [0x00000000eab00000, 0x00000000fa900000, 0x0000000100000000)
  eden space 202752K, 100% used [0x00000000eab00000,0x00000000f7100000,0x00000000f7100000)
  from space 12800K, 97% used [0x00000000f9c80000,0x00000000fa8ae850,0x00000000fa900000)
  to   space 15360K, 0% used [0x00000000f8b00000,0x00000000f8b00000,0x00000000f9a00000)
 ParOldGen       total 47616K, used 19609K [0x00000000c0000000, 0x00000000c2e80000, 0x00000000eab00000)
  object space 47616K, 41% used [0x00000000c0000000,0x00000000c1326648,0x00000000c2e80000)
 Metaspace       used 53384K, capacity 54664K, committed 54912K, reserved 1097728K
  class space    used 7164K, capacity 7507K, committed 7552K, reserved 1048576K
Event: 94.492 GC heap after
Heap after GC invocations=11 (full 2):
 PSYoungGen      total 244736K, used 15346K [0x00000000eab00000, 0x00000000fea80000, 0x0000000100000000)
  eden space 229376K, 0% used [0x00000000eab00000,0x00000000eab00000,0x00000000f8b00000)
  from space 15360K, 99% used [0x00000000f8b00000,0x00000000f99fcaa8,0x00000000f9a00000)
  to   space 23040K, 0% used [0x00000000fd400000,0x00000000fd400000,0x00000000fea80000)
 ParOldGen       total 47616K, used 33071K [0x00000000c0000000, 0x00000000c2e80000, 0x00000000eab00000)
  object space 47616K, 69% used [0x00000000c0000000,0x00000000c204bf48,0x00000000c2e80000)
 Metaspace       used 53384K, capacity 54664K, committed 54912K, reserved 1097728K
  class space    used 7164K, capacity 7507K, committed 7552K, reserved 1048576K
}
Event: 106.841 GC heap before
{Heap before GC invocations=12 (full 2):
 PSYoungGen      total 244736K, used 186847K [0x00000000eab00000, 0x00000000fea80000, 0x0000000100000000)
  eden space 229376K, 74% used [0x00000000eab00000,0x00000000f527b198,0x00000000f8b00000)
  from space 15360K, 99% used [0x00000000f8b00000,0x00000000f99fcaa8,0x00000000f9a00000)
  to   space 23040K, 0% used [0x00000000fd400000,0x00000000fd400000,0x00000000fea80000)
 ParOldGen       total 47616K, used 33071K [0x00000000c0000000, 0x00000000c2e80000, 0x00000000eab00000)
  object space 47616K, 69% used [0x00000000c0000000,0x00000000c204bf48,0x00000000c2e80000)
 Metaspace       used 57693K, capacity 59024K, committed 59096K, reserved 1099776K
  class space    used 7767K, capacity 8165K, committed 8192K, reserved 1048576K
Event: 106.885 GC heap after
Heap after GC invocations=12 (full 2):
 PSYoungGen      total 302592K, used 16705K [0x00000000eab00000, 0x0000000100000000, 0x0000000100000000)
  eden space 279552K, 0% used [0x00000000eab00000,0x00000000eab00000,0x00000000fbc00000)
  from space 23040K, 72% used [0x00000000fd400000,0x00000000fe450678,0x00000000fea80000)
  to   space 24576K, 0% used [0x00000000fbc00000,0x00000000fbc00000,0x00000000fd400000)
 ParOldGen       total 47616K, used 39972K [0x00000000c0000000, 0x00000000c2e80000, 0x00000000eab00000)
  object space 47616K, 83% used [0x00000000c0000000,0x00000000c27093f8,0x00000000c2e80000)
 Metaspace       used 57693K, capacity 59024K, committed 59096K, reserved 1099776K
  class space    used 7767K, capacity 8165K, committed 8192K, reserved 1048576K
}
Event: 106.885 GC heap before
{Heap before GC invocations=13 (full 3):
 PSYoungGen      total 302592K, used 16705K [0x00000000eab00000, 0x0000000100000000, 0x0000000100000000)
  eden space 279552K, 0% used [0x00000000eab00000,0x00000000eab00000,0x00000000fbc00000)
  from space 23040K, 72% used [0x00000000fd400000,0x00000000fe450678,0x00000000fea80000)
  to   space 24576K, 0% used [0x00000000fbc00000,0x00000000fbc00000,0x00000000fd400000)
 ParOldGen       total 47616K, used 39972K [0x00000000c0000000, 0x00000000c2e80000, 0x00000000eab00000)
  object space 47616K, 83% used [0x00000000c0000000,0x00000000c27093f8,0x00000000c2e80000)
 Metaspace       used 57693K, capacity 59024K, committed 59096K, reserved 1099776K
  class space    used 7767K, capacity 8165K, committed 8192K, reserved 1048576K
Event: 107.194 GC heap after
Heap after GC invocations=13 (full 3):
 PSYoungGen      total 302592K, used 0K [0x00000000eab00000, 0x0000000100000000, 0x0000000100000000)
  eden space 279552K, 0% used [0x00000000eab00000,0x00000000eab00000,0x00000000fbc00000)
  from space 23040K, 0% used [0x00000000fd400000,0x00000000fd400000,0x00000000fea80000)
  to   space 24576K, 0% used [0x00000000fbc00000,0x00000000fbc00000,0x00000000fd400000)
 ParOldGen       total 76800K, used 38012K [0x00000000c0000000, 0x00000000c4b00000, 0x00000000eab00000)
  object space 76800K, 49% used [0x00000000c0000000,0x00000000c251f0f0,0x00000000c4b00000)
 Metaspace       used 57691K, capacity 59018K, committed 59096K, reserved 1099776K
  class space    used 7766K, capacity 8164K, committed 8192K, reserved 1048576K
}

Deoptimization events (10 events):
Event: 118.844 Thread 0x00000000571cd000 Uncommon trap: reason=array_check action=maybe_recompile pc=0x0000000003c1a158 method=java.util.TimSort.binarySort([Ljava/lang/Object;IIILjava/util/Comparator;)V @ 215
Event: 118.844 Thread 0x00000000571cd000 Uncommon trap: reason=array_check action=maybe_recompile pc=0x0000000003c1a21c method=java.util.TimSort.binarySort([Ljava/lang/Object;IIILjava/util/Comparator;)V @ 193
Event: 118.844 Thread 0x00000000571cd000 Uncommon trap: reason=array_check action=maybe_recompile pc=0x0000000003c1a21c method=java.util.TimSort.binarySort([Ljava/lang/Object;IIILjava/util/Comparator;)V @ 193
Event: 118.975 Thread 0x0000000057daf800 Uncommon trap: reason=unstable_if action=reinterpret pc=0x0000000003dcbc6c method=java.lang.String.lastIndexOf([CII[CIII)I @ 118
Event: 118.975 Thread 0x0000000057db0000 Uncommon trap: reason=unstable_if action=reinterpret pc=0x0000000003dcbc6c method=java.lang.String.lastIndexOf([CII[CIII)I @ 118
Event: 118.997 Thread 0x0000000057db1000 Uncommon trap: reason=unstable_if action=reinterpret pc=0x0000000002d99af4 method=java.lang.String.lastIndexOf([CII[CIII)I @ 118
Event: 119.017 Thread 0x00000000586c6800 Uncommon trap: reason=bimorphic action=maybe_recompile pc=0x000000000407f878 method=org.gradle.util.CollectionUtils.join(Ljava/lang/String;Ljava/lang/Iterable;)Ljava/lang/String; @ 37
Event: 119.032 Thread 0x000000005f008000 Uncommon trap: reason=bimorphic action=maybe_recompile pc=0x000000000407f878 method=org.gradle.util.CollectionUtils.join(Ljava/lang/String;Ljava/lang/Iterable;)Ljava/lang/String; @ 37
Event: 119.037 Thread 0x000000005b5b5000 Uncommon trap: reason=bimorphic action=maybe_recompile pc=0x000000000407f878 method=org.gradle.util.CollectionUtils.join(Ljava/lang/String;Ljava/lang/Iterable;)Ljava/lang/String; @ 37
Event: 119.038 Thread 0x000000005b5b4000 Uncommon trap: reason=bimorphic action=maybe_recompile pc=0x000000000407f878 method=org.gradle.util.CollectionUtils.join(Ljava/lang/String;Ljava/lang/Iterable;)Ljava/lang/String; @ 37

Internal exceptions (10 events):
Event: 84.262 Thread 0x00000000571cd000 Exception <a 'java/lang/ClassNotFoundException': org/gradle/platform/base/BinaryContainer_ImplCustomizer> (0x00000000f2f222f8) thrown at [C:\re\workspace\8-2-build-windows-amd64-cygwin\jdk8u121\8372\hotspot\src\share\vm\classfile\systemDictionary.cpp, lin
Event: 85.412 Thread 0x00000000571cd000 Exception <a 'java/lang/ClassNotFoundException': com/android/build/gradle/internal/LibraryCache$1BeanInfo> (0x00000000f35c95b0) thrown at [C:\re\workspace\8-2-build-windows-amd64-cygwin\jdk8u121\8372\hotspot\src\share\vm\classfile\systemDictionary.cpp, li
Event: 85.412 Thread 0x00000000571cd000 Exception <a 'java/lang/ClassNotFoundException': com/android/build/gradle/internal/LibraryCache$1Customizer> (0x00000000f35da868) thrown at [C:\re\workspace\8-2-build-windows-amd64-cygwin\jdk8u121\8372\hotspot\src\share\vm\classfile\systemDictionary.cpp, 
Event: 93.822 Thread 0x00000000571cd000 Exception <a 'java/lang/NoSuchMethodError': <clinit>> (0x00000000f5d8b568) thrown at [C:\re\workspace\8-2-build-windows-amd64-cygwin\jdk8u121\8372\hotspot\src\share\vm\prims\jni.cpp, line 1613]
Event: 95.873 Thread 0x00000000571cd000 Implicit null exception at 0x0000000002aaf497 to 0x0000000002aaf7dd
Event: 101.626 Thread 0x00000000571cd000 Implicit null exception at 0x0000000003b75ea7 to 0x0000000003b74a59
Event: 101.626 Thread 0x00000000571cd000 Implicit null exception at 0x0000000003b75ea7 to 0x0000000003b74a59
Event: 101.633 Thread 0x00000000571cd000 Implicit null exception at 0x0000000003b75ea7 to 0x0000000003b74a59
Event: 106.559 Thread 0x00000000571cd000 Implicit null exception at 0x000000000387ae30 to 0x0000000003880119
Event: 106.561 Thread 0x00000000571cd000 Implicit null exception at 0x0000000002b9382f to 0x0000000002b94a89

Events (10 events):
Event: 137.456 Thread 0x000000005f00a000 Thread added: 0x000000005f00a000
Event: 137.494 Thread 0x000000005f00d000 Thread added: 0x000000005f00d000
Event: 137.494 Thread 0x000000005a0b2000 Thread added: 0x000000005a0b2000
Event: 137.495 Thread 0x000000005a0b3800 Thread added: 0x000000005a0b3800
Event: 137.496 Thread 0x000000005a0b2800 Thread added: 0x000000005a0b2800
Event: 137.529 Executing VM operation: RevokeBias
Event: 137.529 Executing VM operation: RevokeBias done
Event: 137.537 Thread 0x000000005f00d000 Thread exited: 0x000000005f00d000
Event: 137.578 Executing VM operation: RevokeBias
Event: 137.578 Executing VM operation: RevokeBias done


Dynamic libraries:
0x000000013fdc0000 - 0x000000013fdf7000 	D:\Java\jdk1.8.0_121\bin\java.exe
0x0000000077710000 - 0x00000000778ba000 	C:\windows\SYSTEM32\ntdll.dll
0x0000000077010000 - 0x000000007712f000 	C:\windows\system32\kernel32.dll
0x000007fefdc60000 - 0x000007fefdcca000 	C:\windows\system32\KERNELBASE.dll
0x000007feff920000 - 0x000007feff9fb000 	C:\windows\system32\ADVAPI32.dll
0x000007feff060000 - 0x000007feff0ff000 	C:\windows\system32\msvcrt.dll
0x000007feff250000 - 0x000007feff26f000 	C:\windows\SYSTEM32\sechost.dll
0x000007feff630000 - 0x000007feff75d000 	C:\windows\system32\RPCRT4.dll
0x0000000077610000 - 0x000000007770a000 	C:\windows\system32\USER32.dll
0x000007feff790000 - 0x000007feff7f7000 	C:\windows\system32\GDI32.dll
0x000007feff1d0000 - 0x000007feff1de000 	C:\windows\system32\LPK.dll
0x000007feff100000 - 0x000007feff1c9000 	C:\windows\system32\USP10.dll
0x000007fefc630000 - 0x000007fefc824000 	C:\windows\WinSxS\amd64_microsoft.windows.common-controls_6595b64144ccf1df_6.0.7601.18837_none_fa3b1e3d17594757\COMCTL32.dll
0x000007feff800000 - 0x000007feff871000 	C:\windows\system32\SHLWAPI.dll
0x000007feff760000 - 0x000007feff78e000 	C:\windows\system32\IMM32.DLL
0x000007fefe1c0000 - 0x000007fefe2c9000 	C:\windows\system32\MSCTF.dll
0x0000000060c80000 - 0x0000000060d52000 	D:\Java\jdk1.8.0_121\jre\bin\msvcr100.dll
0x000000006fdc0000 - 0x000000007065b000 	D:\Java\jdk1.8.0_121\jre\bin\server\jvm.dll
0x000007feee380000 - 0x000007feee389000 	C:\windows\system32\WSOCK32.dll
0x000007feff5e0000 - 0x000007feff62d000 	C:\windows\system32\WS2_32.dll
0x000007feff240000 - 0x000007feff248000 	C:\windows\system32\NSI.dll
0x000007fefb7e0000 - 0x000007fefb81b000 	C:\windows\system32\WINMM.dll
0x000007fefccc0000 - 0x000007fefcccc000 	C:\windows\system32\VERSION.dll
0x00000000778e0000 - 0x00000000778e7000 	C:\windows\system32\PSAPI.DLL
0x000000006fa20000 - 0x000000006fa2f000 	D:\Java\jdk1.8.0_121\jre\bin\verify.dll
0x0000000066540000 - 0x0000000066569000 	D:\Java\jdk1.8.0_121\jre\bin\java.dll
0x0000000065930000 - 0x0000000065946000 	D:\Java\jdk1.8.0_121\jre\bin\zip.dll
0x000007fefe2d0000 - 0x000007feff059000 	C:\windows\system32\SHELL32.dll
0x000007feff350000 - 0x000007feff553000 	C:\windows\system32\ole32.dll
0x000007fefdb70000 - 0x000007fefdb7f000 	C:\windows\system32\profapi.dll
0x0000000065910000 - 0x000000006592a000 	D:\Java\jdk1.8.0_121\jre\bin\net.dll
0x000007fefd3e0000 - 0x000007fefd435000 	C:\windows\system32\mswsock.dll
0x000007fefd3d0000 - 0x000007fefd3d7000 	C:\windows\System32\wship6.dll
0x00000000658f0000 - 0x0000000065901000 	D:\Java\jdk1.8.0_121\jre\bin\nio.dll
0x000007fef8110000 - 0x000007fef8122000 	C:\Users\weiruizhe\.gradle\native\19\windows-amd64\native-platform.dll
0x000007fefd440000 - 0x000007fefd457000 	C:\windows\system32\CRYPTSP.dll
0x000007fefd140000 - 0x000007fefd187000 	C:\windows\system32\rsaenh.dll
0x000007fefceb0000 - 0x000007fefcece000 	C:\windows\system32\USERENV.dll
0x000007fefdaa0000 - 0x000007fefdaaf000 	C:\windows\system32\CRYPTBASE.dll
0x000007fefb150000 - 0x000007fefb177000 	C:\windows\system32\IPHLPAPI.DLL
0x000007fefb130000 - 0x000007fefb13b000 	C:\windows\system32\WINNSI.DLL
0x000007fefaf20000 - 0x000007fefaf31000 	C:\windows\system32\dhcpcsvc6.DLL
0x000007fefaf40000 - 0x000007fefaf58000 	C:\windows\system32\dhcpcsvc.DLL
0x0000000066530000 - 0x000000006653d000 	D:\Java\jdk1.8.0_121\jre\bin\management.dll
0x000007fefda40000 - 0x000007fefda97000 	C:\windows\system32\apphelp.dll

VM Arguments:
jvm_args: -XX:MaxPermSize=256m -XX:+HeapDumpOnOutOfMemoryError -Xmx1024m -Dfile.encoding=GBK -Duser.country=CN -Duser.language=zh -Duser.variant 
java_command: org.gradle.launcher.daemon.bootstrap.GradleDaemon 2.14.1
java_class_path (initial): C:\Users\weiruizhe\.gradle\wrapper\dists\gradle-2.14.1-all\8bnwg5hd3w55iofp58khbp6yv\gradle-2.14.1\lib\gradle-launcher-2.14.1.jar
Launcher Type: SUN_STANDARD

Environment Variables:
JAVA_HOME=D:\Java\jdk1.8.0_121
CLASSPATH=D:\www\test\react-native\webview\android\\gradle\wrapper\gradle-wrapper.jar
PATH=C:\Users\weiruizhe\bin;D:\Git\mingw64\bin;D:\Git\usr\local\bin;D:\Git\usr\bin;D:\Git\usr\bin;D:\Git\mingw64\bin;D:\Git\usr\bin;C:\Users\weiruizhe\bin;C:\ProgramData\Oracle\Java\javapath;D:\Python27;D:\Python27\Scripts;D:\Ruby23-x64\bin;C:\windows\system32;C:\windows;C:\windows\System32\Wbem;C:\windows\System32\WindowsPowerShell\v1.0;D:\TortoiseSVN\bin;D:\Git\cmd;D:\Java\jdk1.8.0_121\bin;D:\Java\jdk1.8.0_121\jre\bin;D:\Subversion\bin;D:\nvm;D:\nodejs;D:\Android\sdk\tools;D:\Android\sdk\platform-tools;D:\wamp\bin\apache\apache2.4.23\bin;D:\wnmp\php-5.6.30;D:\wnmp\mysql-5.7.17\bin;D:\MongoDB\Server\3.4\bin;C:\Users\weiruizhe\AppData\Local\atom\bin;D:\Git\usr\bin\vendor_perl;D:\Git\usr\bin\core_perl
USERNAME=weiruizhe
SHELL=D:\Git\usr\bin\bash
DISPLAY=needs-to-be-defined
OS=Windows_NT
PROCESSOR_IDENTIFIER=Intel64 Family 6 Model 61 Stepping 4, GenuineIntel



---------------  S Y S T E M  ---------------

OS: Windows 7 , 64 bit Build 7601 (6.1.7601.23539)

CPU:total 4 (2 cores per cpu, 2 threads per core) family 6 model 61 stepping 4, cmov, cx8, fxsr, mmx, sse, sse2, sse3, ssse3, sse4.1, sse4.2, popcnt, avx, avx2, clmul, erms, 3dnowpref, lzcnt, ht, tsc, tscinvbit, bmi1, bmi2, adx

Memory: 4k page, physical 3883140k(115276k free), swap 15530700k(5128k free)

vm_info: Java HotSpot(TM) 64-Bit Server VM (25.121-b13) for windows-amd64 JRE (1.8.0_121-b13), built on Dec 12 2016 18:21:36 by "java_re" with MS VC++ 10.0 (VS2010)

time: Thu May 04 00:01:25 2017
elapsed time: 141 seconds (0d 0h 2m 21s)

